<?xml version="1.0" encoding="UTF-8"?>
<!-- Generated by org.testng.reporters.JUnitXMLReporter -->
<testsuite ignored="0" hostname="Gyaneshs-MacBook-Pro.local" failures="0" tests="4" name="Default test" time="6.854" errors="0" timestamp="2025-07-17T16:42:29 IST">
  <testcase classname="com.test.WorkspaceTest" name="testCreateWorkSpace" time="3.58"/>
  <testcase classname="com.test.WorkspaceTest" name="testGetAllWorkspace" time="0.711"/>
  <testcase classname="com.test.WorkspaceTest" name="testGetSingleWorkspace" time="1.342"/>
  <testcase classname="com.test.WorkspaceTest" name="testDeleteWorkspace" time="0.737"/>
</testsuite> <!-- Default test -->
