<?xml version="1.0" encoding="UTF-8"?>
<!-- Generated by org.testng.reporters.JUnitXMLReporter -->
<testsuite ignored="0" hostname="Gyaneshs-MacBook-Pro.local" failures="0" tests="4" name="Default test" time="4.616" errors="0" timestamp="2025-07-17T15:13:57 IST">
  <testcase classname="com.test.WorkspaceTest" name="testCreateWorkSpace" time="2.093"/>
  <testcase classname="com.test.WorkspaceTest" name="testGetAllWorkspace" time="0.586"/>
  <testcase classname="com.test.WorkspaceTest" name="testGetSingleWorkspace" time="0.71"/>
  <testcase classname="com.test.WorkspaceTest" name="testDeleteWorkspace" time="1.181"/>
</testsuite> <!-- Default test -->
