<?xml version="1.0" encoding="UTF-8"?>
<!-- Generated by org.testng.reporters.JUnitXMLReporter -->
<testsuite ignored="0" hostname="Gyaneshs-MacBook-Pro.local" failures="0" tests="4" name="Test" time="8.366" errors="0" timestamp="2025-07-17T15:18:50 IST">
  <testcase classname="com.test.WorkspaceTest" name="testCreateWorkSpace" time="3.638"/>
  <testcase classname="com.test.WorkspaceTest" name="testGetAllWorkspace" time="2.401"/>
  <testcase classname="com.test.WorkspaceTest" name="testGetSingleWorkspace" time="0.803"/>
  <testcase classname="com.test.WorkspaceTest" name="testDeleteWorkspace" time="1.341"/>
</testsuite> <!-- Test -->
