<?xml version="1.0" encoding="UTF-8"?>
<!-- Generated by org.testng.reporters.JUnitXMLReporter -->
<testsuite ignored="0" hostname="Gyaneshs-MacBook-Pro.local" failures="0" tests="4" name="Test" time="5.652" errors="0" timestamp="2025-07-18T13:09:42 IST">
  <testcase classname="com.test.WorkspaceTest" name="testCreateWorkSpace" time="2.884"/>
  <testcase classname="com.test.WorkspaceTest" name="testGetAllWorkspace" time="0.686"/>
  <testcase classname="com.test.WorkspaceTest" name="testGetSingleWorkspace" time="1.118"/>
  <testcase classname="com.test.WorkspaceTest" name="testDeleteWorkspace" time="0.712"/>
</testsuite> <!-- Test -->
