<?xml version="1.0" encoding="UTF-8"?>
<!-- Generated by org.testng.reporters.JUnitXMLReporter -->
<testsuite ignored="0" hostname="Gyaneshs-MacBook-Pro.local" failures="0" tests="4" name="Test" time="6.982" errors="0" timestamp="2025-07-17T18:56:32 IST">
  <testcase classname="com.test.WorkspaceTest" name="testCreateWorkSpace" time="2.92"/>
  <testcase classname="com.test.WorkspaceTest" name="testGetAllWorkspace" time="0.983"/>
  <testcase classname="com.test.WorkspaceTest" name="testGetSingleWorkspace" time="1.844"/>
  <testcase classname="com.test.WorkspaceTest" name="testDeleteWorkspace" time="0.826"/>
</testsuite> <!-- Test -->
