<?xml version="1.0" encoding="UTF-8"?>
<testng-results ignored="0" total="4" passed="4" failed="0" skipped="0">
  <reporter-output>
  </reporter-output>
  <suite started-at="2025-07-17T18:56:25 IST" name="Suite" finished-at="2025-07-17T18:56:32 IST" duration-ms="6982">
    <groups>
    </groups>
    <test started-at="2025-07-17T18:56:25 IST" name="Test" finished-at="2025-07-17T18:56:32 IST" duration-ms="6982">
      <class name="com.test.WorkspaceTest">
        <test-method is-config="true" signature="generateTestData()[pri:0, instance:com.test.WorkspaceTest@5db250b4]" started-at="2025-07-17T18:56:25 IST" name="generateTestData" finished-at="2025-07-17T18:56:26 IST" duration-ms="220" status="PASS">
          <reporter-output>
          </reporter-output>
        </test-method> <!-- generateTestData -->
        <test-method signature="testCreateWorkSpace()[pri:1, instance:com.test.WorkspaceTest@5db250b4]" started-at="2025-07-17T18:56:26 IST" name="testCreateWorkSpace" finished-at="2025-07-17T18:56:28 IST" duration-ms="2920" status="PASS">
          <reporter-output>
          </reporter-output>
        </test-method> <!-- testCreateWorkSpace -->
        <test-method signature="testGetAllWorkspace()[pri:2, instance:com.test.WorkspaceTest@5db250b4]" started-at="2025-07-17T18:56:28 IST" name="testGetAllWorkspace" finished-at="2025-07-17T18:56:29 IST" duration-ms="983" status="PASS">
          <reporter-output>
          </reporter-output>
        </test-method> <!-- testGetAllWorkspace -->
        <test-method signature="testGetSingleWorkspace()[pri:3, instance:com.test.WorkspaceTest@5db250b4]" started-at="2025-07-17T18:56:29 IST" name="testGetSingleWorkspace" finished-at="2025-07-17T18:56:31 IST" duration-ms="1844" status="PASS">
          <reporter-output>
          </reporter-output>
        </test-method> <!-- testGetSingleWorkspace -->
        <test-method signature="testDeleteWorkspace()[pri:4, instance:com.test.WorkspaceTest@5db250b4]" started-at="2025-07-17T18:56:31 IST" name="testDeleteWorkspace" finished-at="2025-07-17T18:56:32 IST" duration-ms="826" status="PASS">
          <reporter-output>
          </reporter-output>
        </test-method> <!-- testDeleteWorkspace -->
      </class> <!-- com.test.WorkspaceTest -->
    </test> <!-- Test -->
  </suite> <!-- Suite -->
</testng-results>
