<?xml version="1.0" encoding="UTF-8"?>
<testng-results ignored="0" total="4" passed="4" failed="0" skipped="0">
  <reporter-output>
  </reporter-output>
  <suite started-at="2025-07-17T15:20:51 IST" name="Suite" finished-at="2025-07-17T15:20:57 IST" duration-ms="5796">
    <groups>
    </groups>
    <test started-at="2025-07-17T15:20:51 IST" name="Test" finished-at="2025-07-17T15:20:57 IST" duration-ms="5796">
      <class name="com.test.WorkspaceTest">
        <test-method is-config="true" signature="generateTestData()[pri:0, instance:com.test.WorkspaceTest@5db250b4]" started-at="2025-07-17T15:20:52 IST" name="generateTestData" finished-at="2025-07-17T15:20:52 IST" duration-ms="6" status="PASS">
          <reporter-output>
          </reporter-output>
        </test-method> <!-- generateTestData -->
        <test-method signature="testCreateWorkSpace()[pri:1, instance:com.test.WorkspaceTest@5db250b4]" started-at="2025-07-17T15:20:52 IST" name="testCreateWorkSpace" finished-at="2025-07-17T15:20:54 IST" duration-ms="2577" status="PASS">
          <reporter-output>
          </reporter-output>
        </test-method> <!-- testCreateWorkSpace -->
        <test-method signature="testGetAllWorkspace()[pri:2, instance:com.test.WorkspaceTest@5db250b4]" started-at="2025-07-17T15:20:54 IST" name="testGetAllWorkspace" finished-at="2025-07-17T15:20:55 IST" duration-ms="1001" status="PASS">
          <reporter-output>
          </reporter-output>
        </test-method> <!-- testGetAllWorkspace -->
        <test-method signature="testGetSingleWorkspace()[pri:3, instance:com.test.WorkspaceTest@5db250b4]" started-at="2025-07-17T15:20:55 IST" name="testGetSingleWorkspace" finished-at="2025-07-17T15:20:56 IST" duration-ms="1125" status="PASS">
          <reporter-output>
          </reporter-output>
        </test-method> <!-- testGetSingleWorkspace -->
        <test-method signature="testDeleteWorkspace()[pri:4, instance:com.test.WorkspaceTest@5db250b4]" started-at="2025-07-17T15:20:56 IST" name="testDeleteWorkspace" finished-at="2025-07-17T15:20:57 IST" duration-ms="916" status="PASS">
          <reporter-output>
          </reporter-output>
        </test-method> <!-- testDeleteWorkspace -->
      </class> <!-- com.test.WorkspaceTest -->
    </test> <!-- Test -->
  </suite> <!-- Suite -->
</testng-results>
