<?xml version="1.0" encoding="UTF-8"?>
<testsuite xmlns:xsi="http://www.w3.org/2001/XMLSchema-instance" xsi:noNamespaceSchemaLocation="https://maven.apache.org/surefire/maven-surefire-plugin/xsd/surefire-test-report-3.0.xsd" version="3.0" name="TestSuite" time="6.233" tests="4" errors="0" skipped="0" failures="0">
  <properties>
[...]
</properties>
  <testcase name="testCreateWorkSpace" classname="com.test.WorkspaceTest" time="2.578">
    <system-out><![CDATA[On Start method invoked....
Name of test method started:testCreateWorkSpace
HTTP/1.1 200 OK
Date: Thu, 17 Jul 2025 11:55:22 GMT
Content-Type: application/json; charset=utf-8
Transfer-Encoding: chunked
Connection: keep-alive
x-frame-options: deny
x-xss-protection: 1; mode=block
x-content-type-options: nosniff
referrer-policy: no-referrer-when-downgrade
access-control-allow-origin: *
access-control-allow-methods: GET,POST,PUT,DELETE
access-control-allow-headers: content-type,x-api-key
access-control-allow-credentials: false
x-ratelimit-limit: 300
x-ratelimit-reset: 59
x-ratelimit-remaining: 299
ratelimit: limit=300, remaining=299, reset=59
ratelimit-policy: 300;w=60
ratelimit-limit: 300
ratelimit-remaining: 299
ratelimit-reset: 59
ratelimit-limit-month: 10000
ratelimit-remaining-month: 9921
x-ratelimit-limit-month: 10000
x-ratelimit-remaining-month: 9921
uwebsockets: 20
x-envoy-upstream-service-time: 495
cf-cache-status: DYNAMIC
Set-Cookie: __cf_bm=HIRSUL3lwo1mvzKtqQa1RWK75.TzqgzR9Q4oPIc_ccI-1752753322-1.0.1.1-_yvxsJTgWsqziot0XCn4fwDEMMKDrGgMnMdB_QgFBtf_Jev4XMAHS._kdyxkr8hFC06VQ1Rxres.Kf1XYEE5FkMNolFvcwZswzs3Rmce5ZU; path=/; expires=Thu, 17-Jul-25 12:25:22 GMT; domain=.getpostman.com; HttpOnly; Secure; SameSite=None
Strict-Transport-Security: max-age=31536000; includeSubDomains; preload
Set-Cookie: _cfuvid=cccfoq0BPWC6fC8srK5OqpnnAwnCAfmv_LWwNUoTQNk-1752753322579-0.0.1.1-604800000; path=/; domain=.getpostman.com; HttpOnly; Secure; SameSite=None
Server: cloudflare
CF-RAY: 96098cc31fb259fc-DEL
Content-Encoding: gzip

{
    "workspace": {
        "id": "76193c72-14f2-44a1-b559-58adc67ac961",
        "name": "gyanesh"
    }
}
[INFO ] 2025-07-17 17:25:22.935 [main] RestAssuredAutomationFramework_test - Created new workspace
Name of test method sucessfully executed:testCreateWorkSpace
]]></system-out>
    <system-err><![CDATA[SLF4J: Failed to load class "org.slf4j.impl.StaticLoggerBinder".
SLF4J: Defaulting to no-operation (NOP) logger implementation
SLF4J: See http://www.slf4j.org/codes.html#StaticLoggerBinder for further details.
]]></system-err>
  </testcase>
  <testcase name="testGetAllWorkspace" classname="com.test.WorkspaceTest" time="1.069">
    <system-out><![CDATA[Name of test method started:testGetAllWorkspace
HTTP/1.1 200 OK
Date: Thu, 17 Jul 2025 11:55:23 GMT
Content-Type: application/json; charset=utf-8
Transfer-Encoding: chunked
Connection: keep-alive
x-frame-options: deny
x-xss-protection: 1; mode=block
x-content-type-options: nosniff
referrer-policy: no-referrer-when-downgrade
access-control-allow-origin: *
access-control-allow-methods: GET,POST,PUT,DELETE
access-control-allow-headers: content-type,x-api-key
access-control-allow-credentials: false
x-ratelimit-limit: 10
x-ratelimit-reset: 9
x-ratelimit-remaining: 9
ratelimit: limit=10, remaining=9, reset=9
ratelimit-policy: 10;w=10
ratelimit-limit: 10
ratelimit-remaining: 9
ratelimit-reset: 9
ratelimit-limit-month: 10000
ratelimit-remaining-month: 9920
x-ratelimit-limit-month: 10000
x-ratelimit-remaining-month: 9920
uwebsockets: 20
x-envoy-upstream-service-time: 220
cf-cache-status: DYNAMIC
Set-Cookie: __cf_bm=zzylpUNuFdecL5S.HWL45UChUC1IMZYbKfyM5QbijFo-1752753323-1.0.1.1-ncy79bnBPkVH1GJGDKe46i0d0jkPDqZjbhigSN6sVwoOMMeF4lS80gHKRfOE6GkHZmLtaVrHJpIZKNKimvmAHc2HGgjfpyn2Ta1ijOFd1AE; path=/; expires=Thu, 17-Jul-25 12:25:23 GMT; domain=.getpostman.com; HttpOnly; Secure; SameSite=None
Strict-Transport-Security: max-age=31536000; includeSubDomains; preload
Set-Cookie: _cfuvid=a63ZFeqwlCajEOU9Uarw6og26ckQ8SmH1vyZj1U17ow-1752753323915-0.0.1.1-604800000; path=/; domain=.getpostman.com; HttpOnly; Secure; SameSite=None
Server: cloudflare
CF-RAY: 96098ccd1e6854ec-DEL
Content-Encoding: gzip

{
    "workspaces": [
        {
            "id": "c3f51218-23a2-427a-9bd9-3538c922b5a7",
            "name": "Aug_Api",
            "type": "team",
            "visibility": "team",
            "createdBy": "13883244",
            "about": ""
        },
        {
            "id": "5dc22120-7265-4877-8c27-6a6b9318af8c",
            "name": "My Workspace",
            "type": "personal",
            "visibility": "personal",
            "createdBy": "13883244",
            "about": ""
        },
        {
            "id": "76193c72-14f2-44a1-b559-58adc67ac961",
            "name": "gyanesh",
            "type": "team",
            "visibility": "team",
            "createdBy": "13883244",
            "about": ""
        }
    ]
}
[INFO ] 2025-07-17 17:25:24.011 [main] RestAssuredAutomationFramework_test - Fetched all workspace
Name of test method sucessfully executed:testGetAllWorkspace
]]></system-out>
  </testcase>
  <testcase name="testGetSingleWorkspace" classname="com.test.WorkspaceTest" time="0.609">
    <system-out><![CDATA[Name of test method started:testGetSingleWorkspace
HTTP/1.1 200 OK
Date: Thu, 17 Jul 2025 11:55:24 GMT
Content-Type: application/json; charset=utf-8
Transfer-Encoding: chunked
Connection: keep-alive
x-frame-options: deny
x-xss-protection: 1; mode=block
x-content-type-options: nosniff
referrer-policy: no-referrer-when-downgrade
access-control-allow-origin: *
access-control-allow-methods: GET,POST,PUT,DELETE
access-control-allow-headers: content-type,x-api-key
access-control-allow-credentials: false
x-ratelimit-limit: 10
x-ratelimit-reset: 8
x-ratelimit-remaining: 8
ratelimit: limit=10, remaining=8, reset=8
ratelimit-policy: 10;w=10
ratelimit-limit: 10
ratelimit-remaining: 8
ratelimit-reset: 8
ratelimit-limit-month: 10000
ratelimit-remaining-month: 9919
x-ratelimit-limit-month: 10000
x-ratelimit-remaining-month: 9919
uwebsockets: 20
x-envoy-upstream-service-time: 261
cf-cache-status: DYNAMIC
Set-Cookie: __cf_bm=Yl2I5JvZ30XRxeXYrp0kyUOoDX7A5Ajbfsg1pAkhD6c-1752753324-1.0.1.1-lK4JbkVBnDnVQmhyGNzwdGt0rjNENZnZkSGVzcb4tLVwIhaK27m05KwjQ7MismYKvlI2jzfe75etVYYSbU.aqkeFD.t.DGQ.Mu6KIga.AGQ; path=/; expires=Thu, 17-Jul-25 12:25:24 GMT; domain=.getpostman.com; HttpOnly; Secure; SameSite=None
Strict-Transport-Security: max-age=31536000; includeSubDomains; preload
Set-Cookie: _cfuvid=LXhsebIPJcyZKNHkPOE.J0DX5avkEZpHFsPIvl4Q5nU-1752753324614-0.0.1.1-604800000; path=/; domain=.getpostman.com; HttpOnly; Secure; SameSite=None
Server: cloudflare
CF-RAY: 96098cd3cdf859f3-DEL
Content-Encoding: gzip

{
    "workspace": {
        "id": "76193c72-14f2-44a1-b559-58adc67ac961",
        "name": "gyanesh",
        "type": "team",
        "description": "api framework",
        "visibility": "team",
        "createdBy": "13883244",
        "updatedBy": "13883244",
        "createdAt": "2025-07-17T11:55:22.000Z",
        "updatedAt": "2025-07-17T11:55:22.000Z",
        "about": ""
    }
}
Name of test method sucessfully executed:testGetSingleWorkspace
]]></system-out>
  </testcase>
  <testcase name="testDeleteWorkspace" classname="com.test.WorkspaceTest" time="1.078">
    <system-out><![CDATA[Name of test method started:testDeleteWorkspace
HTTP/1.1 200 OK
Date: Thu, 17 Jul 2025 11:55:25 GMT
Content-Type: application/json; charset=utf-8
Transfer-Encoding: chunked
Connection: keep-alive
x-frame-options: deny
x-xss-protection: 1; mode=block
x-content-type-options: nosniff
referrer-policy: no-referrer-when-downgrade
access-control-allow-origin: *
access-control-allow-methods: GET,POST,PUT,DELETE
access-control-allow-headers: content-type,x-api-key
access-control-allow-credentials: false
x-ratelimit-limit: 300
x-ratelimit-reset: 56
x-ratelimit-remaining: 296
ratelimit: limit=300, remaining=296, reset=56
ratelimit-policy: 300;w=60
ratelimit-limit: 300
ratelimit-remaining: 296
ratelimit-reset: 56
ratelimit-limit-month: 10000
ratelimit-remaining-month: 9918
x-ratelimit-limit-month: 10000
x-ratelimit-remaining-month: 9918
uwebsockets: 20
x-envoy-upstream-service-time: 355
cf-cache-status: DYNAMIC
Set-Cookie: __cf_bm=8vKysdt94mHMp7TUQYr86GSxEM57GArV.atVsNCSVfg-1752753325-1.0.1.1-sxbZadFVeIc.w5sEwjd16TTBxXSHpEereFF7bfsG_tY6vAsFci.XLyFyswm5fJlElKNOVh829w4KL1GLr8Gt2JZIaGoaCb0nRjBcX7MEl4Y; path=/; expires=Thu, 17-Jul-25 12:25:25 GMT; domain=.getpostman.com; HttpOnly; Secure; SameSite=None
Strict-Transport-Security: max-age=31536000; includeSubDomains; preload
Set-Cookie: _cfuvid=Guzvebo4sE1ZZGE.AiohpQauLfEz6Gh4rpq34WCxraU-1752753325711-0.0.1.1-604800000; path=/; domain=.getpostman.com; HttpOnly; Secure; SameSite=None
Server: cloudflare
CF-RAY: 96098cd78f02b232-DEL
Content-Encoding: gzip

{
    "workspace": {
        "id": "76193c72-14f2-44a1-b559-58adc67ac961"
    }
}
[INFO ] 2025-07-17 17:25:25.700 [main] RestAssuredAutomationFramework_test - Deleted workspace
Name of test method sucessfully executed:testDeleteWorkspace
]]></system-out>
  </testcase>
</testsuite>