<?xml version="1.0" encoding="UTF-8"?>
<testsuite xmlns:xsi="http://www.w3.org/2001/XMLSchema-instance" xsi:noNamespaceSchemaLocation="https://maven.apache.org/surefire/maven-surefire-plugin/xsd/surefire-test-report-3.0.xsd" version="3.0" name="TestSuite" time="7.527" tests="4" errors="0" skipped="0" failures="0">
  <properties>
[...]
</properties>
  <testcase name="testCreateWorkSpace" classname="com.test.WorkspaceTest" time="2.924">
    <system-out><![CDATA[On Start method invoked....
Name of test method started:testCreateWorkSpace
HTTP/1.1 200 OK
Date: Thu, 17 Jul 2025 13:26:28 GMT
Content-Type: application/json; charset=utf-8
Transfer-Encoding: chunked
Connection: keep-alive
x-frame-options: deny
x-xss-protection: 1; mode=block
x-content-type-options: nosniff
referrer-policy: no-referrer-when-downgrade
access-control-allow-origin: *
access-control-allow-methods: GET,POST,PUT,DELETE
access-control-allow-headers: content-type,x-api-key
access-control-allow-credentials: false
x-ratelimit-limit: 300
x-ratelimit-reset: 59
x-ratelimit-remaining: 299
ratelimit: limit=300, remaining=299, reset=59
ratelimit-policy: 300;w=60
ratelimit-limit: 300
ratelimit-remaining: 299
ratelimit-reset: 59
ratelimit-limit-month: 10000
ratelimit-remaining-month: 9880
x-ratelimit-limit-month: 10000
x-ratelimit-remaining-month: 9880
uwebsockets: 20
x-envoy-upstream-service-time: 658
cf-cache-status: DYNAMIC
Set-Cookie: __cf_bm=uT2Lou4abvSpVz7gUXPVPrC_eQwnu0vUv_kuwGT7PKk-1752758788-1.0.1.1-x8V0IUnrptDQKE4hwmO5Y5tLilmXVmTfueWyk4J9lIA2G9vm5syQrH6FtsnRaef8rtlV0qpThtLzEJnEvliRhCNCvrsPKW6XM2wzRY1LnyY; path=/; expires=Thu, 17-Jul-25 13:56:28 GMT; domain=.getpostman.com; HttpOnly; Secure; SameSite=None
Strict-Transport-Security: max-age=31536000; includeSubDomains; preload
Set-Cookie: _cfuvid=VfJpOgedRX8hYVcQFfEBQiHeKKR340eHasmgV2utwY4-1752758788628-0.0.1.1-604800000; path=/; domain=.getpostman.com; HttpOnly; Secure; SameSite=None
Server: cloudflare
CF-RAY: 960a1233bfa554a1-DEL
Content-Encoding: gzip

{
    "workspace": {
        "id": "fb2a9d6c-5a5d-47f0-8707-ee5baef582ca",
        "name": "gyanesh"
    }
}
[INFO ] 2025-07-17 18:56:28.951 [main] RestAssuredAutomationFramework_test - Created new workspace
Name of test method sucessfully executed:testCreateWorkSpace
]]></system-out>
    <system-err><![CDATA[SLF4J: Failed to load class "org.slf4j.impl.StaticLoggerBinder".
SLF4J: Defaulting to no-operation (NOP) logger implementation
SLF4J: See http://www.slf4j.org/codes.html#StaticLoggerBinder for further details.
]]></system-err>
  </testcase>
  <testcase name="testGetAllWorkspace" classname="com.test.WorkspaceTest" time="0.985">
    <system-out><![CDATA[Name of test method started:testGetAllWorkspace
HTTP/1.1 200 OK
Date: Thu, 17 Jul 2025 13:26:29 GMT
Content-Type: application/json; charset=utf-8
Transfer-Encoding: chunked
Connection: keep-alive
x-frame-options: deny
x-xss-protection: 1; mode=block
x-content-type-options: nosniff
referrer-policy: no-referrer-when-downgrade
access-control-allow-origin: *
access-control-allow-methods: GET,POST,PUT,DELETE
access-control-allow-headers: content-type,x-api-key
access-control-allow-credentials: false
x-ratelimit-limit: 10
x-ratelimit-reset: 9
x-ratelimit-remaining: 9
ratelimit: limit=10, remaining=9, reset=9
ratelimit-policy: 10;w=10
ratelimit-limit: 10
ratelimit-remaining: 9
ratelimit-reset: 9
ratelimit-limit-month: 10000
ratelimit-remaining-month: 9879
x-ratelimit-limit-month: 10000
x-ratelimit-remaining-month: 9879
uwebsockets: 20
x-envoy-upstream-service-time: 223
cf-cache-status: DYNAMIC
Set-Cookie: __cf_bm=TGX.WTYxFsoOO6MePWFNQWc94ScM0zS_0eQZpVJ8tUw-1752758789-1.0.1.1-pm.vzvppoqXX0Ie33EfwPK3lbQVS4bfjTQunOgIOusldl8dSJ.JnUfIlrW5mSe__ecAlwLXME6J5BiPZ7M6CExYF6iOALI_Yw5znIFg_d.M; path=/; expires=Thu, 17-Jul-25 13:56:29 GMT; domain=.getpostman.com; HttpOnly; Secure; SameSite=None
Strict-Transport-Security: max-age=31536000; includeSubDomains; preload
Set-Cookie: _cfuvid=F.7X62lG2QmCaAaTz_pm9C.CPLqW0Zl2SDHwzuvmC9A-1752758789972-0.0.1.1-604800000; path=/; domain=.getpostman.com; HttpOnly; Secure; SameSite=None
Server: cloudflare
CF-RAY: 960a123fded55475-DEL
Content-Encoding: gzip

{
    "workspaces": [
        {
            "id": "c3f51218-23a2-427a-9bd9-3538c922b5a7",
            "name": "Aug_Api",
            "type": "team",
            "visibility": "team",
            "createdBy": "13883244",
            "about": ""
        },
        {
            "id": "5dc22120-7265-4877-8c27-6a6b9318af8c",
            "name": "My Workspace",
            "type": "personal",
            "visibility": "personal",
            "createdBy": "13883244",
            "about": ""
        },
        {
            "id": "fb2a9d6c-5a5d-47f0-8707-ee5baef582ca",
            "name": "gyanesh",
            "type": "team",
            "visibility": "team",
            "createdBy": "13883244",
            "about": ""
        }
    ]
}
[INFO ] 2025-07-17 18:56:29.948 [main] RestAssuredAutomationFramework_test - Fetched all workspace
Name of test method sucessfully executed:testGetAllWorkspace
]]></system-out>
  </testcase>
  <testcase name="testGetSingleWorkspace" classname="com.test.WorkspaceTest" time="1.846">
    <system-out><![CDATA[Name of test method started:testGetSingleWorkspace
HTTP/1.1 200 OK
Date: Thu, 17 Jul 2025 13:26:31 GMT
Content-Type: application/json; charset=utf-8
Transfer-Encoding: chunked
Connection: keep-alive
x-frame-options: deny
x-xss-protection: 1; mode=block
x-content-type-options: nosniff
referrer-policy: no-referrer-when-downgrade
access-control-allow-origin: *
access-control-allow-methods: GET,POST,PUT,DELETE
access-control-allow-headers: content-type,x-api-key
access-control-allow-credentials: false
x-ratelimit-limit: 10
x-ratelimit-reset: 8
x-ratelimit-remaining: 8
ratelimit: limit=10, remaining=8, reset=8
ratelimit-policy: 10;w=10
ratelimit-limit: 10
ratelimit-remaining: 8
ratelimit-reset: 8
uwebsockets: 20
x-envoy-upstream-service-time: 987
cf-cache-status: DYNAMIC
Set-Cookie: __cf_bm=y1LYdAoEcmV.2p_rkqh1Gqd7Emxpkcjw5nzeUcc4i8U-1752758791-1.0.1.1-_eHnDYLQ_49X2YfM1R7ILN74O3M4JUE2BjmaPhNcZqI8PavEj7uxWDKc3I0NQpz.zIzrL729AfbC.0eTWIl7bEjzyWfQMztsOYioLMkcNqg; path=/; expires=Thu, 17-Jul-25 13:56:31 GMT; domain=.getpostman.com; HttpOnly; Secure; SameSite=None
Strict-Transport-Security: max-age=31536000; includeSubDomains; preload
Set-Cookie: _cfuvid=xOXZu2uPk5zBO5bZ38o_jdU5cHIYwNvT3z_QBQ84xeA-1752758791715-0.0.1.1-604800000; path=/; domain=.getpostman.com; HttpOnly; Secure; SameSite=None
Server: cloudflare
CF-RAY: 960a12460b911c61-DEL
Content-Encoding: gzip

{
    "workspace": {
        "id": "fb2a9d6c-5a5d-47f0-8707-ee5baef582ca",
        "name": "gyanesh",
        "type": "team",
        "description": "api framework",
        "visibility": "team",
        "createdBy": "13883244",
        "updatedBy": "13883244",
        "createdAt": "2025-07-17T13:26:28.000Z",
        "updatedAt": "2025-07-17T13:26:28.000Z",
        "about": ""
    }
}
Name of test method sucessfully executed:testGetSingleWorkspace
]]></system-out>
  </testcase>
  <testcase name="testDeleteWorkspace" classname="com.test.WorkspaceTest" time="0.828">
    <system-out><![CDATA[Name of test method started:testDeleteWorkspace
HTTP/1.1 200 OK
Date: Thu, 17 Jul 2025 13:26:32 GMT
Content-Type: application/json; charset=utf-8
Transfer-Encoding: chunked
Connection: keep-alive
x-frame-options: deny
x-xss-protection: 1; mode=block
x-content-type-options: nosniff
referrer-policy: no-referrer-when-downgrade
access-control-allow-origin: *
access-control-allow-methods: GET,POST,PUT,DELETE
access-control-allow-headers: content-type,x-api-key
access-control-allow-credentials: false
x-ratelimit-limit: 300
x-ratelimit-reset: 54
x-ratelimit-remaining: 296
ratelimit: limit=300, remaining=296, reset=54
ratelimit-policy: 300;w=60
ratelimit-limit: 300
ratelimit-remaining: 296
ratelimit-reset: 54
ratelimit-limit-month: 10000
ratelimit-remaining-month: 9877
x-ratelimit-limit-month: 10000
x-ratelimit-remaining-month: 9877
uwebsockets: 20
x-envoy-upstream-service-time: 342
cf-cache-status: DYNAMIC
Set-Cookie: __cf_bm=DFsZ2MWCAnrdY5zQQ4jPn5X1kiax21Gz3jSqn3_zu60-1752758792-1.0.1.1-fjxxG3PaAmVWcXPCf_3MB4ivt1tPsgxGv4pWdoTYNF_hevbBwBZgT3DDEVzM_Losq_PJ96QHQqv3RgQE2WB6ouvYJXZ6t2eVux3iq7CLuUo; path=/; expires=Thu, 17-Jul-25 13:56:32 GMT; domain=.getpostman.com; HttpOnly; Secure; SameSite=None
Strict-Transport-Security: max-age=31536000; includeSubDomains; preload
Set-Cookie: _cfuvid=cpvipLx4k8f.F8QRAcdAbi3bgNQxozS6zPhYGIN5rLo-1752758792638-0.0.1.1-604800000; path=/; domain=.getpostman.com; HttpOnly; Secure; SameSite=None
Server: cloudflare
CF-RAY: 960a12525d275474-DEL
Content-Encoding: gzip

{
    "workspace": {
        "id": "fb2a9d6c-5a5d-47f0-8707-ee5baef582ca"
    }
}
[INFO ] 2025-07-17 18:56:32.622 [main] RestAssuredAutomationFramework_test - Deleted workspace
Name of test method sucessfully executed:testDeleteWorkspace
]]></system-out>
  </testcase>
</testsuite>