<?xml version="1.0" encoding="UTF-8"?>
<testng-results ignored="0" total="4" passed="4" failed="0" skipped="0">
  <reporter-output>
  </reporter-output>
  <suite started-at="2025-07-17T15:18:41 IST" name="Suite" finished-at="2025-07-17T15:18:49 IST" duration-ms="8366">
    <groups>
    </groups>
    <test started-at="2025-07-17T15:18:41 IST" name="Test" finished-at="2025-07-17T15:18:49 IST" duration-ms="8366">
      <class name="com.test.WorkspaceTest">
        <test-method is-config="true" signature="generateTestData()[pri:0, instance:com.test.WorkspaceTest@31368b99]" started-at="2025-07-17T15:18:41 IST" name="generateTestData" finished-at="2025-07-17T15:18:41 IST" duration-ms="7" status="PASS">
          <reporter-output>
          </reporter-output>
        </test-method> <!-- generateTestData -->
        <test-method signature="testCreateWorkSpace()[pri:1, instance:com.test.WorkspaceTest@31368b99]" started-at="2025-07-17T15:18:41 IST" name="testCreateWorkSpace" finished-at="2025-07-17T15:18:45 IST" duration-ms="3638" status="PASS">
          <reporter-output>
          </reporter-output>
        </test-method> <!-- testCreateWorkSpace -->
        <test-method signature="testGetAllWorkspace()[pri:2, instance:com.test.WorkspaceTest@31368b99]" started-at="2025-07-17T15:18:45 IST" name="testGetAllWorkspace" finished-at="2025-07-17T15:18:47 IST" duration-ms="2401" status="PASS">
          <reporter-output>
          </reporter-output>
        </test-method> <!-- testGetAllWorkspace -->
        <test-method signature="testGetSingleWorkspace()[pri:3, instance:com.test.WorkspaceTest@31368b99]" started-at="2025-07-17T15:18:47 IST" name="testGetSingleWorkspace" finished-at="2025-07-17T15:18:48 IST" duration-ms="803" status="PASS">
          <reporter-output>
          </reporter-output>
        </test-method> <!-- testGetSingleWorkspace -->
        <test-method signature="testDeleteWorkspace()[pri:4, instance:com.test.WorkspaceTest@31368b99]" started-at="2025-07-17T15:18:48 IST" name="testDeleteWorkspace" finished-at="2025-07-17T15:18:49 IST" duration-ms="1341" status="PASS">
          <reporter-output>
          </reporter-output>
        </test-method> <!-- testDeleteWorkspace -->
      </class> <!-- com.test.WorkspaceTest -->
    </test> <!-- Test -->
  </suite> <!-- Suite -->
</testng-results>
